<?xml version="1.0" encoding="utf-8"?><testsuites name="pytest tests"><testsuite name="pytest" errors="0" failures="0" skipped="0" tests="55" time="24.137" timestamp="2026-04-27T07:21:42.755835+00:00" hostname="agent-env-fff7acd7-0a35-47dd-ab88-cf1ef443a0bb"><testcase classname="backend.tests.backend_test" name="test_health" time="0.156" /><testcase classname="backend.tests.backend_test.TestAuth" name="test_demo_login_success" time="0.276" /><testcase classname="backend.tests.backend_test.TestAuth" name="test_login_wrong_password" time="0.048" /><testcase classname="backend.tests.backend_test.TestAuth" name="test_register_new_user_and_me" time="0.325" /><testcase classname="backend.tests.backend_test.TestAuth" name="test_register_duplicate_email_fails" time="0.053" /><testcase classname="backend.tests.backend_test.TestAuth" name="test_patch_me_changes_currency" time="0.341" /><testcase classname="backend.tests.backend_test.TestAuth" name="test_otp_login_correct" time="0.055" /><testcase classname="backend.tests.backend_test.TestAuth" name="test_otp_login_wrong" time="0.055" /><testcase classname="backend.tests.backend_test.TestAuth" name="test_me_no_auth" time="0.050" /><testcase classname="backend.tests.backend_test.TestAuth" name="test_brute_force_lockout" time="1.782" /><testcase classname="backend.tests.backend_test.TestCountriesFX" name="test_countries_list" time="0.049" /><testcase classname="backend.tests.backend_test.TestCountriesFX" name="test_fx_usd_inr" time="0.050" /><testcase classname="backend.tests.backend_test.TestCountriesFX" name="test_fx_same_currency" time="0.043" /><testcase classname="backend.tests.backend_test.TestTripsFlow" name="test_list_trips" time="0.488" /><testcase classname="backend.tests.backend_test.TestTripsFlow" name="test_get_trip_with_balances" time="0.103" /><testcase classname="backend.tests.backend_test.TestTripsFlow" name="test_add_member" time="0.100" /><testcase classname="backend.tests.backend_test.TestTripsFlow" name="test_add_expense_inr" time="0.110" /><testcase classname="backend.tests.backend_test.TestTripsFlow" name="test_add_expense_cross_currency_usd_to_inr" time="0.102" /><testcase classname="backend.tests.backend_test.TestTripsFlow" name="test_invalid_payer_rejected" time="0.110" /><testcase classname="backend.tests.backend_test.TestTripsFlow" name="test_settlement_minimal_transactions" time="0.113" /><testcase classname="backend.tests.backend_test.TestTripsFlow" name="test_record_settlement" time="0.105" /><testcase classname="backend.tests.backend_test.TestTripsFlow" name="test_delete_expense" time="0.212" /><testcase classname="backend.tests.backend_test.TestTripsFlow" name="test_non_member_cannot_access_trip" time="0.380" /><testcase classname="backend.tests.backend_test.TestTripsFlow" name="test_non_owner_cannot_add_member" time="0.407" /><testcase classname="backend.tests.backend_test.TestAI" name="test_categorize" time="2.817" /><testcase classname="backend.tests.backend_test.TestAI" name="test_smart_notify" time="0.920" /><testcase classname="backend.tests.backend_test.TestAI" name="test_budget_estimate" time="2.399" /><testcase classname="backend.tests.backend_test.TestAI" name="test_fun_facts_and_cache" time="3.278" /><testcase classname="backend.tests.test_invite_and_docs.TestInvite" name="test_get_invite_by_member" time="0.547" /><testcase classname="backend.tests.test_invite_and_docs.TestInvite" name="test_get_invite_idempotent_token" time="0.212" /><testcase classname="backend.tests.test_invite_and_docs.TestInvite" name="test_get_invite_non_member_forbidden" time="0.443" /><testcase classname="backend.tests.test_invite_and_docs.TestInvite" name="test_preview_public" time="0.196" /><testcase classname="backend.tests.test_invite_and_docs.TestInvite" name="test_preview_invalid_token" time="0.103" /><testcase classname="backend.tests.test_invite_and_docs.TestInvite" name="test_rotate_non_owner_forbidden" time="0.469" /><testcase classname="backend.tests.test_invite_and_docs.TestInvite" name="test_accept_flow_two_users" time="0.686" /><testcase classname="backend.tests.test_invite_and_docs.TestInvite" name="test_accept_idempotent_already_member" time="0.321" /><testcase classname="backend.tests.test_invite_and_docs.TestInvite" name="test_accept_invalid_token" time="0.102" /><testcase classname="backend.tests.test_invite_and_docs.TestInvite" name="test_accept_attaches_user_id_to_email_stub" time="0.833" /><testcase classname="backend.tests.test_invite_and_docs.TestInvite" name="test_rotate_invalidates_old" time="0.440" /><testcase classname="backend.tests.test_invite_and_docs.TestDocs" name="test_upload_pdf_member" time="0.110" /><testcase classname="backend.tests.test_invite_and_docs.TestDocs" name="test_upload_unsupported_type" time="0.120" /><testcase classname="backend.tests.test_invite_and_docs.TestDocs" name="test_upload_empty" time="0.109" /><testcase classname="backend.tests.test_invite_and_docs.TestDocs" name="test_upload_too_large" time="0.499" /><testcase classname="backend.tests.test_invite_and_docs.TestDocs" name="test_upload_non_member_forbidden" time="0.462" /><testcase classname="backend.tests.test_invite_and_docs.TestDocs" name="test_list_docs_member" time="0.112" /><testcase classname="backend.tests.test_invite_and_docs.TestDocs" name="test_list_docs_non_member_forbidden" time="0.442" /><testcase classname="backend.tests.test_invite_and_docs.TestDocs" name="test_download_with_bearer" time="0.120" /><testcase classname="backend.tests.test_invite_and_docs.TestDocs" name="test_download_with_query_token" time="0.107" /><testcase classname="backend.tests.test_invite_and_docs.TestDocs" name="test_download_invalid_query_token" time="0.104" /><testcase classname="backend.tests.test_invite_and_docs.TestDocs" name="test_download_wrong_doc_id" time="0.111" /><testcase classname="backend.tests.test_invite_and_docs.TestDocs" name="test_download_non_member_forbidden" time="0.463" /><testcase classname="backend.tests.test_invite_and_docs.TestDocs" name="test_other_member_cannot_delete_only_uploader_or_owner" time="0.661" /><testcase classname="backend.tests.test_invite_and_docs.TestDocs" name="test_uploader_can_delete_and_gridfs_cleanup" time="0.440" /><testcase classname="backend.tests.test_invite_and_docs.TestDocs" name="test_delete_invalid_doc_id" time="0.122" /><testcase classname="backend.tests.test_invite_and_docs.TestDocs" name="test_owner_can_delete_other_uploaders_doc" time="0.782" /></testsuite></testsuites>