<?xml version="1.0" encoding="utf-8"?><testsuites name="pytest tests"><testsuite name="pytest" errors="0" failures="1" skipped="0" tests="27" time="9.512" timestamp="2026-04-27T07:20:48.845324+00:00" hostname="agent-env-fff7acd7-0a35-47dd-ab88-cf1ef443a0bb"><testcase classname="backend.tests.test_invite_and_docs.TestInvite" name="test_get_invite_by_member" time="0.759" /><testcase classname="backend.tests.test_invite_and_docs.TestInvite" name="test_get_invite_idempotent_token" time="0.228" /><testcase classname="backend.tests.test_invite_and_docs.TestInvite" name="test_get_invite_non_member_forbidden" time="0.483" /><testcase classname="backend.tests.test_invite_and_docs.TestInvite" name="test_preview_public" time="0.300" /><testcase classname="backend.tests.test_invite_and_docs.TestInvite" name="test_preview_invalid_token" time="0.104" /><testcase classname="backend.tests.test_invite_and_docs.TestInvite" name="test_rotate_non_owner_forbidden" time="0.427" /><testcase classname="backend.tests.test_invite_and_docs.TestInvite" name="test_accept_flow_two_users" time="0.743" /><testcase classname="backend.tests.test_invite_and_docs.TestInvite" name="test_accept_idempotent_already_member" time="0.305" /><testcase classname="backend.tests.test_invite_and_docs.TestInvite" name="test_accept_invalid_token" time="0.106" /><testcase classname="backend.tests.test_invite_and_docs.TestInvite" name="test_accept_attaches_user_id_to_email_stub" time="0.718"><failure message="AssertionError: assert 'joined' == 'already_member'&#10;  &#10;  - already_member&#10;  + joined">backend/tests/test_invite_and_docs.py:172: in test_accept_attaches_user_id_to_email_stub
    assert ar.json()["status"] == "already_member"
E   AssertionError: assert 'joined' == 'already_member'
E     
E     - already_member
E     + joined</failure></testcase><testcase classname="backend.tests.test_invite_and_docs.TestInvite" name="test_rotate_invalidates_old" time="0.430" /><testcase classname="backend.tests.test_invite_and_docs.TestDocs" name="test_upload_pdf_member" time="0.156" /><testcase classname="backend.tests.test_invite_and_docs.TestDocs" name="test_upload_unsupported_type" time="0.102" /><testcase classname="backend.tests.test_invite_and_docs.TestDocs" name="test_upload_empty" time="0.097" /><testcase classname="backend.tests.test_invite_and_docs.TestDocs" name="test_upload_too_large" time="0.588" /><testcase classname="backend.tests.test_invite_and_docs.TestDocs" name="test_upload_non_member_forbidden" time="0.452" /><testcase classname="backend.tests.test_invite_and_docs.TestDocs" name="test_list_docs_member" time="0.103" /><testcase classname="backend.tests.test_invite_and_docs.TestDocs" name="test_list_docs_non_member_forbidden" time="0.430" /><testcase classname="backend.tests.test_invite_and_docs.TestDocs" name="test_download_with_bearer" time="0.105" /><testcase classname="backend.tests.test_invite_and_docs.TestDocs" name="test_download_with_query_token" time="0.110" /><testcase classname="backend.tests.test_invite_and_docs.TestDocs" name="test_download_invalid_query_token" time="0.110" /><testcase classname="backend.tests.test_invite_and_docs.TestDocs" name="test_download_wrong_doc_id" time="0.119" /><testcase classname="backend.tests.test_invite_and_docs.TestDocs" name="test_download_non_member_forbidden" time="0.455" /><testcase classname="backend.tests.test_invite_and_docs.TestDocs" name="test_other_member_cannot_delete_only_uploader_or_owner" time="0.646" /><testcase classname="backend.tests.test_invite_and_docs.TestDocs" name="test_uploader_can_delete_and_gridfs_cleanup" time="0.442" /><testcase classname="backend.tests.test_invite_and_docs.TestDocs" name="test_delete_invalid_doc_id" time="0.105" /><testcase classname="backend.tests.test_invite_and_docs.TestDocs" name="test_owner_can_delete_other_uploaders_doc" time="0.747" /></testsuite></testsuites>