<?xml version="1.0" encoding="utf-8"?><testsuites name="pytest tests"><testsuite name="pytest" errors="0" failures="0" skipped="0" tests="28" time="10.039" timestamp="2026-04-27T06:51:16.150746+00:00" hostname="agent-env-fff7acd7-0a35-47dd-ab88-cf1ef443a0bb"><testcase classname="backend.tests.backend_test" name="test_health" time="0.118" /><testcase classname="backend.tests.backend_test.TestAuth" name="test_demo_login_success" time="0.278" /><testcase classname="backend.tests.backend_test.TestAuth" name="test_login_wrong_password" time="0.046" /><testcase classname="backend.tests.backend_test.TestAuth" name="test_register_new_user_and_me" time="0.315" /><testcase classname="backend.tests.backend_test.TestAuth" name="test_register_duplicate_email_fails" time="0.045" /><testcase classname="backend.tests.backend_test.TestAuth" name="test_patch_me_changes_currency" time="0.330" /><testcase classname="backend.tests.backend_test.TestAuth" name="test_otp_login_correct" time="0.043" /><testcase classname="backend.tests.backend_test.TestAuth" name="test_otp_login_wrong" time="0.042" /><testcase classname="backend.tests.backend_test.TestAuth" name="test_me_no_auth" time="0.041" /><testcase classname="backend.tests.backend_test.TestAuth" name="test_brute_force_lockout" time="1.806" /><testcase classname="backend.tests.backend_test.TestCountriesFX" name="test_countries_list" time="0.043" /><testcase classname="backend.tests.backend_test.TestCountriesFX" name="test_fx_usd_inr" time="0.043" /><testcase classname="backend.tests.backend_test.TestCountriesFX" name="test_fx_same_currency" time="0.045" /><testcase classname="backend.tests.backend_test.TestTripsFlow" name="test_list_trips" time="0.482" /><testcase classname="backend.tests.backend_test.TestTripsFlow" name="test_get_trip_with_balances" time="0.105" /><testcase classname="backend.tests.backend_test.TestTripsFlow" name="test_add_member" time="0.105" /><testcase classname="backend.tests.backend_test.TestTripsFlow" name="test_add_expense_inr" time="0.109" /><testcase classname="backend.tests.backend_test.TestTripsFlow" name="test_add_expense_cross_currency_usd_to_inr" time="0.168" /><testcase classname="backend.tests.backend_test.TestTripsFlow" name="test_invalid_payer_rejected" time="0.107" /><testcase classname="backend.tests.backend_test.TestTripsFlow" name="test_settlement_minimal_transactions" time="0.101" /><testcase classname="backend.tests.backend_test.TestTripsFlow" name="test_record_settlement" time="0.107" /><testcase classname="backend.tests.backend_test.TestTripsFlow" name="test_delete_expense" time="0.210" /><testcase classname="backend.tests.backend_test.TestTripsFlow" name="test_non_member_cannot_access_trip" time="0.381" /><testcase classname="backend.tests.backend_test.TestTripsFlow" name="test_non_owner_cannot_add_member" time="0.416" /><testcase classname="backend.tests.backend_test.TestAI" name="test_categorize" time="2.837" /><testcase classname="backend.tests.backend_test.TestAI" name="test_smart_notify" time="0.943" /><testcase classname="backend.tests.backend_test.TestAI" name="test_budget_estimate" time="0.315" /><testcase classname="backend.tests.backend_test.TestAI" name="test_fun_facts_and_cache" time="0.350" /></testsuite></testsuites>